<?xml version="1.0" encoding="UTF-8"?>
<!-- Generated by org.testng.reporters.JUnitXMLReporter -->
<testsuite hostname="DESKTOP-VG7FOF4" ignored="3" name="VerifyExpensePageTest" tests="4" failures="0" timestamp="2023-03-29T17:37:30 IST" time="90.989" errors="0">
  <testcase name="verifyLoginValidUserValidPassword" time="19.819" classname="com.QaLegendBilling.Scripts.LoginTest"/>
  <testcase name="verifyAddingNewExpenses" time="11.401" classname="com.QaLegendBilling.Scripts.ExpensePageTest"/>
  <testcase name="verifyPaginationWhenNewExpenseIsAdded" time="8.494" classname="com.QaLegendBilling.Scripts.ExpensePageTest"/>
  <testcase name="verifyExpenseCategoryUpdation" time="9.504" classname="com.QaLegendBilling.Scripts.ExpensePageTest"/>
  <testcase name="verifyLoginValidUserInvalidPassword" time="0.0" classname="com.QaLegendBilling.Scripts.LoginTest">
    <ignored/>
  </testcase> <!-- verifyLoginValidUserInvalidPassword -->
  <testcase name="verifyLoginInvalidUserInvalidPassword" time="0.0" classname="com.QaLegendBilling.Scripts.LoginTest">
    <ignored/>
  </testcase> <!-- verifyLoginInvalidUserInvalidPassword -->
  <testcase name="verifyLoginInvalidUserValidPassword" time="0.0" classname="com.QaLegendBilling.Scripts.LoginTest">
    <ignored/>
  </testcase> <!-- verifyLoginInvalidUserValidPassword -->
</testsuite> <!-- VerifyExpensePageTest -->
