<?xml version="1.0" encoding="UTF-8"?>
<!-- Generated by org.testng.reporters.JUnitXMLReporter -->
<testsuite hostname="DESKTOP-VG7FOF4" ignored="3" name="VerifyReportsPageTest" tests="5" failures="0" timestamp="2023-03-29T17:38:06 IST" time="36.391" errors="0">
  <testcase name="verifyLoginValidUserValidPassword" time="9.258" classname="com.QaLegendBilling.Scripts.LoginTest"/>
  <testcase name="verifySupplierPurchaseAmount" time="8.536" classname="com.QaLegendBilling.Scripts.ReportsPageTest"/>
  <testcase name="verifySupplierDueAmount" time="0.215" classname="com.QaLegendBilling.Scripts.ReportsPageTest"/>
  <testcase name="verifySupplierPurchaseAmountDemo" time="1.378" classname="com.QaLegendBilling.Scripts.ReportsPageTest"/>
  <testcase name="verifySupplierDueAmountDemo" time="0.17" classname="com.QaLegendBilling.Scripts.ReportsPageTest"/>
  <testcase name="verifyLoginValidUserInvalidPassword" time="0.0" classname="com.QaLegendBilling.Scripts.LoginTest">
    <ignored/>
  </testcase> <!-- verifyLoginValidUserInvalidPassword -->
  <testcase name="verifyLoginInvalidUserInvalidPassword" time="0.0" classname="com.QaLegendBilling.Scripts.LoginTest">
    <ignored/>
  </testcase> <!-- verifyLoginInvalidUserInvalidPassword -->
  <testcase name="verifyLoginInvalidUserValidPassword" time="0.0" classname="com.QaLegendBilling.Scripts.LoginTest">
    <ignored/>
  </testcase> <!-- verifyLoginInvalidUserValidPassword -->
</testsuite> <!-- VerifyReportsPageTest -->
