<?xml version="1.0" encoding="UTF-8"?>
<!-- Generated by org.testng.reporters.JUnitXMLReporter -->
<testsuite hostname="DESKTOP-VG7FOF4" ignored="3" name="VerifyPaymentAccountsPageTest" tests="3" failures="0" timestamp="2023-03-29T17:38:05 IST" time="58.618" errors="0">
  <testcase name="verifyLoginValidUserValidPassword" time="14.707" classname="com.QaLegendBilling.Scripts.LoginTest"/>
  <testcase name="verifySupplierDueAmount" time="12.934" classname="com.QaLegendBilling.Scripts.PaymentAccountsPageTest"/>
  <testcase name="verifyLinkAccountAgainstPaymentRefNumber" time="9.376" classname="com.QaLegendBilling.Scripts.PaymentAccountsPageTest"/>
  <testcase name="verifyLoginValidUserInvalidPassword" time="0.0" classname="com.QaLegendBilling.Scripts.LoginTest">
    <ignored/>
  </testcase> <!-- verifyLoginValidUserInvalidPassword -->
  <testcase name="verifyLoginInvalidUserInvalidPassword" time="0.0" classname="com.QaLegendBilling.Scripts.LoginTest">
    <ignored/>
  </testcase> <!-- verifyLoginInvalidUserInvalidPassword -->
  <testcase name="verifyLoginInvalidUserValidPassword" time="0.0" classname="com.QaLegendBilling.Scripts.LoginTest">
    <ignored/>
  </testcase> <!-- verifyLoginInvalidUserValidPassword -->
</testsuite> <!-- VerifyPaymentAccountsPageTest -->
