<?xml version="1.0" encoding="UTF-8"?>
<!-- Generated by org.testng.reporters.JUnitXMLReporter -->
<testsuite hostname="DESKTOP-VG7FOF4" ignored="3" name="VerifyPaymentAccountsPageTest" tests="3" failures="0" timestamp="2023-04-03T07:15:03 IST" time="191.954" errors="0">
  <testcase name="verifyLoginValidUserValidPassword" time="60.717" classname="com.QaLegendBilling.Scripts.LoginTest"/>
  <testcase name="verifySupplierDueAmount" time="32.514" classname="com.QaLegendBilling.Scripts.PaymentAccountsPageTest"/>
  <testcase name="verifyLinkAccountAgainstPaymentRefNumber" time="24.435" classname="com.QaLegendBilling.Scripts.PaymentAccountsPageTest"/>
  <testcase name="verifyLoginValidUserInvalidPassword" time="0.0" classname="com.QaLegendBilling.Scripts.LoginTest">
    <ignored/>
  </testcase> <!-- verifyLoginValidUserInvalidPassword -->
  <testcase name="verifyLoginInvalidUserInvalidPassword" time="0.0" classname="com.QaLegendBilling.Scripts.LoginTest">
    <ignored/>
  </testcase> <!-- verifyLoginInvalidUserInvalidPassword -->
  <testcase name="verifyLoginInvalidUserValidPassword" time="0.0" classname="com.QaLegendBilling.Scripts.LoginTest">
    <ignored/>
  </testcase> <!-- verifyLoginInvalidUserValidPassword -->
</testsuite> <!-- VerifyPaymentAccountsPageTest -->
