<?xml version="1.0" encoding="UTF-8"?>
<testng-results ignored="6" total="8" passed="2" failed="0" skipped="0">
  <reporter-output>
  </reporter-output>
  <suite started-at="2023-03-19T11:37:38 IST" name="Suite" finished-at="2023-03-19T11:38:26 IST" duration-ms="47847">
    <groups>
      <group name="smoke">
        <method signature="LoginTest.verifyLoginValidUserValidPassword()[pri:4, instance:com.QaLegendBilling.Scripts.LoginTest@76ed1b7c]" name="verifyLoginValidUserValidPassword" class="com.QaLegendBilling.Scripts.LoginTest"/>
        <method signature="LoginTest.verifyLoginValidUserValidPassword()[pri:4, instance:com.QaLegendBilling.Scripts.LoginTest@44a7bfbc]" name="verifyLoginValidUserValidPassword" class="com.QaLegendBilling.Scripts.LoginTest"/>
      </group> <!-- smoke -->
    </groups>
    <test started-at="2023-03-19T11:37:38 IST" name="TestUsingEdgeBrowser" finished-at="2023-03-19T11:38:05 IST" duration-ms="26458">
      <class name="com.QaLegendBilling.Scripts.LoginTest">
        <test-method is-config="true" signature="beforeTest(java.lang.String)[pri:0, instance:com.QaLegendBilling.Scripts.LoginTest@76ed1b7c]" started-at="2023-03-19T11:37:38 IST" name="beforeTest" finished-at="2023-03-19T11:37:56 IST" duration-ms="17288" status="PASS">
          <params>
            <param index="0">
              <value>
                <![CDATA[edge]]>
              </value>
            </param>
          </params>
          <reporter-output>
          </reporter-output>
        </test-method> <!-- beforeTest -->
        <test-method signature="verifyLoginValidUserValidPassword()[pri:4, instance:com.QaLegendBilling.Scripts.LoginTest@76ed1b7c]" started-at="2023-03-19T11:37:56 IST" name="verifyLoginValidUserValidPassword" description="verify the login functionality,when valid username and valid password is given" finished-at="2023-03-19T11:38:04 IST" duration-ms="8795" status="PASS">
          <reporter-output>
          </reporter-output>
        </test-method> <!-- verifyLoginValidUserValidPassword -->
        <test-method is-config="true" signature="afterMethod(org.testng.ITestResult)[pri:0, instance:com.QaLegendBilling.Scripts.LoginTest@76ed1b7c]" started-at="2023-03-19T11:38:04 IST" name="afterMethod" finished-at="2023-03-19T11:38:05 IST" duration-ms="315" status="PASS">
          <params>
            <param index="0">
              <value>
                <![CDATA[[TestResult name=verifyLoginValidUserValidPassword status=SUCCESS method=LoginTest.verifyLoginValidUserValidPassword()[pri:4, instance:com.QaLegendBilling.Scripts.LoginTest@76ed1b7c] output={null}]]]>
              </value>
            </param>
          </params>
          <reporter-output>
          </reporter-output>
        </test-method> <!-- afterMethod -->
        <test-method is-config="true" signature="afterTest()[pri:0, instance:com.QaLegendBilling.Scripts.LoginTest@76ed1b7c]" started-at="2023-03-19T11:38:05 IST" name="afterTest" finished-at="2023-03-19T11:38:05 IST" duration-ms="0" status="PASS">
          <reporter-output>
          </reporter-output>
        </test-method> <!-- afterTest -->
      </class> <!-- com.QaLegendBilling.Scripts.LoginTest -->
    </test> <!-- TestUsingEdgeBrowser -->
    <test started-at="2023-03-19T11:38:05 IST" name="TestUsingFirefoxBrowser" finished-at="2023-03-19T11:38:26 IST" duration-ms="20665">
      <class name="com.QaLegendBilling.Scripts.LoginTest">
        <test-method is-config="true" signature="beforeTest(java.lang.String)[pri:0, instance:com.QaLegendBilling.Scripts.LoginTest@44a7bfbc]" started-at="2023-03-19T11:38:05 IST" name="beforeTest" finished-at="2023-03-19T11:38:19 IST" duration-ms="13888" status="PASS">
          <params>
            <param index="0">
              <value>
                <![CDATA[gecko]]>
              </value>
            </param>
          </params>
          <reporter-output>
          </reporter-output>
        </test-method> <!-- beforeTest -->
        <test-method signature="verifyLoginValidUserValidPassword()[pri:4, instance:com.QaLegendBilling.Scripts.LoginTest@44a7bfbc]" started-at="2023-03-19T11:38:19 IST" name="verifyLoginValidUserValidPassword" description="verify the login functionality,when valid username and valid password is given" finished-at="2023-03-19T11:38:26 IST" duration-ms="6479" status="PASS">
          <reporter-output>
          </reporter-output>
        </test-method> <!-- verifyLoginValidUserValidPassword -->
        <test-method is-config="true" signature="afterMethod(org.testng.ITestResult)[pri:0, instance:com.QaLegendBilling.Scripts.LoginTest@44a7bfbc]" started-at="2023-03-19T11:38:26 IST" name="afterMethod" finished-at="2023-03-19T11:38:26 IST" duration-ms="295" status="PASS">
          <params>
            <param index="0">
              <value>
                <![CDATA[[TestResult name=verifyLoginValidUserValidPassword status=SUCCESS method=LoginTest.verifyLoginValidUserValidPassword()[pri:4, instance:com.QaLegendBilling.Scripts.LoginTest@44a7bfbc] output={null}]]]>
              </value>
            </param>
          </params>
          <reporter-output>
          </reporter-output>
        </test-method> <!-- afterMethod -->
        <test-method is-config="true" signature="afterTest()[pri:0, instance:com.QaLegendBilling.Scripts.LoginTest@44a7bfbc]" started-at="2023-03-19T11:38:26 IST" name="afterTest" finished-at="2023-03-19T11:38:26 IST" duration-ms="0" status="PASS">
          <reporter-output>
          </reporter-output>
        </test-method> <!-- afterTest -->
      </class> <!-- com.QaLegendBilling.Scripts.LoginTest -->
    </test> <!-- TestUsingFirefoxBrowser -->
  </suite> <!-- Suite -->
</testng-results>
