<?xml version="1.0" encoding="UTF-8"?>
<testng-results ignored="6" total="10" passed="4" failed="0" skipped="0">
  <reporter-output>
  </reporter-output>
  <suite started-at="2023-03-18T19:44:10 IST" name="Suite" finished-at="2023-03-18T19:45:28 IST" duration-ms="77931">
    <groups>
      <group name="smoke">
        <method signature="LoginTest.verifyLoginValidUserValidPassword()[pri:4, instance:com.QaLegendBilling.Scripts.LoginTest@2b4bac49]" name="verifyLoginValidUserValidPassword" class="com.QaLegendBilling.Scripts.LoginTest"/>
        <method signature="LoginTest.verifyLoginValidUserValidPassword()[pri:4, instance:com.QaLegendBilling.Scripts.LoginTest@13b13b5d]" name="verifyLoginValidUserValidPassword" class="com.QaLegendBilling.Scripts.LoginTest"/>
      </group> <!-- smoke -->
    </groups>
    <test started-at="2023-03-18T19:44:10 IST" name="TestUsingEdgeBrowser" finished-at="2023-03-18T19:44:59 IST" duration-ms="48529">
      <class name="com.QaLegendBilling.Scripts.LoginTest">
        <test-method is-config="true" signature="beforeTest(java.lang.String)[pri:0, instance:com.QaLegendBilling.Scripts.LoginTest@2b4bac49]" started-at="2023-03-18T19:44:10 IST" name="beforeTest" finished-at="2023-03-18T19:44:48 IST" duration-ms="37986" status="PASS">
          <params>
            <param index="0">
              <value>
                <![CDATA[edge]]>
              </value>
            </param>
          </params>
          <reporter-output>
          </reporter-output>
        </test-method> <!-- beforeTest -->
        <test-method signature="testBase()[pri:0, instance:com.QaLegendBilling.Scripts.LoginTest@2b4bac49]" started-at="2023-03-18T19:44:48 IST" name="testBase" finished-at="2023-03-18T19:44:48 IST" duration-ms="34" status="PASS">
          <reporter-output>
          </reporter-output>
        </test-method> <!-- testBase -->
        <test-method is-config="true" signature="afterMethod(org.testng.ITestResult)[pri:0, instance:com.QaLegendBilling.Scripts.LoginTest@2b4bac49]" started-at="2023-03-18T19:44:48 IST" name="afterMethod" finished-at="2023-03-18T19:44:48 IST" duration-ms="237" status="PASS">
          <params>
            <param index="0">
              <value>
                <![CDATA[[TestResult name=testBase status=SUCCESS method=TestBase.testBase()[pri:0, instance:com.QaLegendBilling.Scripts.LoginTest@2b4bac49] output={null}]]]>
              </value>
            </param>
          </params>
          <reporter-output>
          </reporter-output>
        </test-method> <!-- afterMethod -->
        <test-method signature="verifyLoginValidUserValidPassword()[pri:4, instance:com.QaLegendBilling.Scripts.LoginTest@2b4bac49]" started-at="2023-03-18T19:44:48 IST" name="verifyLoginValidUserValidPassword" description="verify the login functionality,when valid username and valid password is given" finished-at="2023-03-18T19:44:58 IST" duration-ms="9866" status="PASS">
          <reporter-output>
          </reporter-output>
        </test-method> <!-- verifyLoginValidUserValidPassword -->
        <test-method is-config="true" signature="afterMethod(org.testng.ITestResult)[pri:0, instance:com.QaLegendBilling.Scripts.LoginTest@2b4bac49]" started-at="2023-03-18T19:44:58 IST" name="afterMethod" finished-at="2023-03-18T19:44:59 IST" duration-ms="296" status="PASS">
          <params>
            <param index="0">
              <value>
                <![CDATA[[TestResult name=verifyLoginValidUserValidPassword status=SUCCESS method=LoginTest.verifyLoginValidUserValidPassword()[pri:4, instance:com.QaLegendBilling.Scripts.LoginTest@2b4bac49] output={null}]]]>
              </value>
            </param>
          </params>
          <reporter-output>
          </reporter-output>
        </test-method> <!-- afterMethod -->
        <test-method is-config="true" signature="afterTest()[pri:0, instance:com.QaLegendBilling.Scripts.LoginTest@2b4bac49]" started-at="2023-03-18T19:44:59 IST" name="afterTest" finished-at="2023-03-18T19:44:59 IST" duration-ms="0" status="PASS">
          <reporter-output>
          </reporter-output>
        </test-method> <!-- afterTest -->
      </class> <!-- com.QaLegendBilling.Scripts.LoginTest -->
    </test> <!-- TestUsingEdgeBrowser -->
    <test started-at="2023-03-18T19:45:00 IST" name="TestUsingFirefoxBrowser" finished-at="2023-03-18T19:45:28 IST" duration-ms="28290">
      <class name="com.QaLegendBilling.Scripts.LoginTest">
        <test-method is-config="true" signature="beforeTest(java.lang.String)[pri:0, instance:com.QaLegendBilling.Scripts.LoginTest@13b13b5d]" started-at="2023-03-18T19:45:00 IST" name="beforeTest" finished-at="2023-03-18T19:45:20 IST" duration-ms="19919" status="PASS">
          <params>
            <param index="0">
              <value>
                <![CDATA[gecko]]>
              </value>
            </param>
          </params>
          <reporter-output>
          </reporter-output>
        </test-method> <!-- beforeTest -->
        <test-method signature="testBase()[pri:0, instance:com.QaLegendBilling.Scripts.LoginTest@13b13b5d]" started-at="2023-03-18T19:45:20 IST" name="testBase" finished-at="2023-03-18T19:45:20 IST" duration-ms="1" status="PASS">
          <reporter-output>
          </reporter-output>
        </test-method> <!-- testBase -->
        <test-method is-config="true" signature="afterMethod(org.testng.ITestResult)[pri:0, instance:com.QaLegendBilling.Scripts.LoginTest@13b13b5d]" started-at="2023-03-18T19:45:20 IST" name="afterMethod" finished-at="2023-03-18T19:45:20 IST" duration-ms="519" status="PASS">
          <params>
            <param index="0">
              <value>
                <![CDATA[[TestResult name=testBase status=SUCCESS method=TestBase.testBase()[pri:0, instance:com.QaLegendBilling.Scripts.LoginTest@13b13b5d] output={null}]]]>
              </value>
            </param>
          </params>
          <reporter-output>
          </reporter-output>
        </test-method> <!-- afterMethod -->
        <test-method signature="verifyLoginValidUserValidPassword()[pri:4, instance:com.QaLegendBilling.Scripts.LoginTest@13b13b5d]" started-at="2023-03-18T19:45:20 IST" name="verifyLoginValidUserValidPassword" description="verify the login functionality,when valid username and valid password is given" finished-at="2023-03-18T19:45:28 IST" duration-ms="7566" status="PASS">
          <reporter-output>
          </reporter-output>
        </test-method> <!-- verifyLoginValidUserValidPassword -->
        <test-method is-config="true" signature="afterMethod(org.testng.ITestResult)[pri:0, instance:com.QaLegendBilling.Scripts.LoginTest@13b13b5d]" started-at="2023-03-18T19:45:28 IST" name="afterMethod" finished-at="2023-03-18T19:45:28 IST" duration-ms="277" status="PASS">
          <params>
            <param index="0">
              <value>
                <![CDATA[[TestResult name=verifyLoginValidUserValidPassword status=SUCCESS method=LoginTest.verifyLoginValidUserValidPassword()[pri:4, instance:com.QaLegendBilling.Scripts.LoginTest@13b13b5d] output={null}]]]>
              </value>
            </param>
          </params>
          <reporter-output>
          </reporter-output>
        </test-method> <!-- afterMethod -->
        <test-method is-config="true" signature="afterTest()[pri:0, instance:com.QaLegendBilling.Scripts.LoginTest@13b13b5d]" started-at="2023-03-18T19:45:28 IST" name="afterTest" finished-at="2023-03-18T19:45:28 IST" duration-ms="1" status="PASS">
          <reporter-output>
          </reporter-output>
        </test-method> <!-- afterTest -->
      </class> <!-- com.QaLegendBilling.Scripts.LoginTest -->
    </test> <!-- TestUsingFirefoxBrowser -->
  </suite> <!-- Suite -->
</testng-results>
