<?xml version="1.0" encoding="UTF-8"?>
<!-- Generated by org.testng.reporters.JUnitXMLReporter -->
<testsuite hostname="DESKTOP-VG7FOF4" ignored="3" name="TestUsingEdgeBrowser" tests="2" failures="0" timestamp="2023-03-17T18:58:06 IST" time="32.613" errors="0">
  <testcase name="testBase" time="0.024" classname="com.QaLegendBilling.Base.TestBase"/>
  <testcase name="verifyLoginValidUserValidPassword" time="11.752" classname="com.QaLegendBilling.Scripts.LoginTest"/>
  <testcase name="verifyLoginValidUserInvalidPassword" time="0.0" classname="com.QaLegendBilling.Scripts.LoginTest">
    <ignored/>
  </testcase> <!-- verifyLoginValidUserInvalidPassword -->
  <testcase name="verifyLoginInvalidUserInvalidPassword" time="0.0" classname="com.QaLegendBilling.Scripts.LoginTest">
    <ignored/>
  </testcase> <!-- verifyLoginInvalidUserInvalidPassword -->
  <testcase name="verifyLoginInvalidUserValidPassword" time="0.0" classname="com.QaLegendBilling.Scripts.LoginTest">
    <ignored/>
  </testcase> <!-- verifyLoginInvalidUserValidPassword -->
</testsuite> <!-- TestUsingEdgeBrowser -->
