<?xml version="1.0" encoding="UTF-8"?>
<!-- Generated by org.testng.reporters.JUnitXMLReporter -->
<testsuite ignored="0" hostname="DESKTOP-VG7FOF4" failures="0" tests="4" name="Test" time="39.647" errors="0" timestamp="2023-03-20T18:50:09 IST">
  <testcase classname="com.QaLegendBilling.Scripts.LoginTest" name="verifyLoginInvalidUserInvalidPassword" time="7.238"/>
  <testcase classname="com.QaLegendBilling.Scripts.LoginTest" name="verifyLoginValidUserInvalidPassword" time="3.574"/>
  <testcase classname="com.QaLegendBilling.Scripts.LoginTest" name="verifyLoginInvalidUserValidPassword" time="2.498"/>
  <testcase classname="com.QaLegendBilling.Scripts.LoginTest" name="verifyLoginValidUserValidPassword" time="6.734"/>
</testsuite> <!-- Test -->
