<?xml version="1.0" encoding="UTF-8"?>
<!-- Generated by org.testng.reporters.JUnitXMLReporter -->
<testsuite hostname="DESKTOP-VG7FOF4" ignored="4" name="Parallel Test1" tests="1" failures="0" timestamp="2023-03-17T16:15:08 IST" time="21.455" errors="0">
  <testcase name="verifyLoginInvalidUserInvalidPassword" time="5.273" classname="com.QaLegendBilling.Scripts.LoginTest"/>
  <testcase name="verifyLoginValidUserInvalidPassword" time="0.0" classname="com.QaLegendBilling.Scripts.LoginTest">
    <ignored/>
  </testcase> <!-- verifyLoginValidUserInvalidPassword -->
  <testcase name="testBase" time="0.0" classname="com.QaLegendBilling.Base.TestBase">
    <ignored/>
  </testcase> <!-- testBase -->
  <testcase name="verifyLoginValidUserValidPassword" time="0.0" classname="com.QaLegendBilling.Scripts.LoginTest">
    <ignored/>
  </testcase> <!-- verifyLoginValidUserValidPassword -->
  <testcase name="verifyLoginInvalidUserValidPassword" time="0.0" classname="com.QaLegendBilling.Scripts.LoginTest">
    <ignored/>
  </testcase> <!-- verifyLoginInvalidUserValidPassword -->
</testsuite> <!-- Parallel Test1 -->
