<?xml version="1.0" encoding="UTF-8"?>
<!-- Generated by org.testng.reporters.JUnitXMLReporter -->
<testsuite hostname="DESKTOP-VG7FOF4" ignored="10" name="Test" tests="6" failures="0" timestamp="2023-03-18T20:27:38 IST" time="60.861" errors="0">
  <testcase name="testBase" time="0.018" classname="com.QaLegendBilling.Base.TestBase"/>
  <testcase name="verifyLoginValidUserValidPassword" time="10.044" classname="com.QaLegendBilling.Scripts.LoginTest"/>
  <testcase name="testBase" time="0.007" classname="com.QaLegendBilling.Base.TestBase"/>
  <testcase name="testBase" time="0.003" classname="com.QaLegendBilling.Base.TestBase"/>
  <testcase name="addNewProduct" time="25.832" classname="com.QaLegendBilling.Scripts.ProductsPageTest"/>
  <testcase name="deactivateNewProduct" time="8.342" classname="com.QaLegendBilling.Scripts.ProductsPageTest"/>
  <testcase name="@BeforeTest beforeTest" time="0.0" classname="com.QaLegendBilling.Base.TestBase">
    <ignored/>
  </testcase> <!-- @BeforeTest beforeTest -->
  <testcase name="@BeforeTest beforeTest" time="0.0" classname="com.QaLegendBilling.Base.TestBase">
    <ignored/>
  </testcase> <!-- @BeforeTest beforeTest -->
  <testcase name="verifyLoginValidUserInvalidPassword" time="0.0" classname="com.QaLegendBilling.Scripts.LoginTest">
    <ignored/>
  </testcase> <!-- verifyLoginValidUserInvalidPassword -->
  <testcase name="addNewUser" time="0.0" classname="com.QaLegendBilling.Scripts.UsersPageTest">
    <ignored/>
  </testcase> <!-- addNewUser -->
  <testcase name="@AfterTest afterTest" time="0.0" classname="com.QaLegendBilling.Base.TestBase">
    <ignored/>
  </testcase> <!-- @AfterTest afterTest -->
  <testcase name="@AfterTest afterTest" time="0.0" classname="com.QaLegendBilling.Base.TestBase">
    <ignored/>
  </testcase> <!-- @AfterTest afterTest -->
  <testcase name="verifyLoginInvalidUserInvalidPassword" time="0.0" classname="com.QaLegendBilling.Scripts.LoginTest">
    <ignored/>
  </testcase> <!-- verifyLoginInvalidUserInvalidPassword -->
  <testcase name="addNewRole" time="0.0" classname="com.QaLegendBilling.Scripts.UsersPageTest">
    <ignored/>
  </testcase> <!-- addNewRole -->
  <testcase name="deleteNewRole" time="0.0" classname="com.QaLegendBilling.Scripts.UsersPageTest">
    <ignored/>
  </testcase> <!-- deleteNewRole -->
  <testcase name="verifyLoginInvalidUserValidPassword" time="0.0" classname="com.QaLegendBilling.Scripts.LoginTest">
    <ignored/>
  </testcase> <!-- verifyLoginInvalidUserValidPassword -->
</testsuite> <!-- Test -->
