<?xml version="1.0" encoding="UTF-8"?>
<!-- Generated by org.testng.reporters.JUnitXMLReporter -->
<testsuite hostname="DESKTOP-VG7FOF4" ignored="3" name="Test2" tests="4" failures="0" timestamp="2023-03-29T11:30:35 IST" time="71.76" errors="0">
  <testcase name="verifyLoginValidUserValidPassword" time="15.651" classname="com.QaLegendBilling.Scripts.LoginTest"/>
  <testcase name="verifyAddingNewExpenses" time="11.357" classname="com.QaLegendBilling.Scripts.ExpensePageTest"/>
  <testcase name="verifyPaginationWhenNewExpenseIsAdded" time="0.47" classname="com.QaLegendBilling.Scripts.ExpensePageTest"/>
  <testcase name="verifyExpenseCategoryUpdation" time="12.391" classname="com.QaLegendBilling.Scripts.ExpensePageTest"/>
  <testcase name="verifyLoginValidUserInvalidPassword" time="0.0" classname="com.QaLegendBilling.Scripts.LoginTest">
    <ignored/>
  </testcase> <!-- verifyLoginValidUserInvalidPassword -->
  <testcase name="verifyLoginInvalidUserInvalidPassword" time="0.0" classname="com.QaLegendBilling.Scripts.LoginTest">
    <ignored/>
  </testcase> <!-- verifyLoginInvalidUserInvalidPassword -->
  <testcase name="verifyLoginInvalidUserValidPassword" time="0.0" classname="com.QaLegendBilling.Scripts.LoginTest">
    <ignored/>
  </testcase> <!-- verifyLoginInvalidUserValidPassword -->
</testsuite> <!-- Test2 -->
