<?xml version="1.0" encoding="UTF-8"?>
<!-- Generated by org.testng.reporters.JUnitXMLReporter -->
<testsuite hostname="DESKTOP-VG7FOF4" ignored="0" name="TestUsingFirefoxBrowser" tests="4" failures="0" timestamp="2023-03-20T17:59:25 IST" time="50.96" errors="0">
  <testcase name="verifyLoginInvalidUserInvalidPassword" time="5.265" classname="com.QaLegendBilling.Scripts.LoginTest"/>
  <testcase name="verifyLoginValidUserInvalidPassword" time="2.592" classname="com.QaLegendBilling.Scripts.LoginTest"/>
  <testcase name="verifyLoginInvalidUserValidPassword" time="3.087" classname="com.QaLegendBilling.Scripts.LoginTest"/>
  <testcase name="verifyLoginValidUserValidPassword" time="7.714" classname="com.QaLegendBilling.Scripts.LoginTest"/>
</testsuite> <!-- TestUsingFirefoxBrowser -->
