<?xml version="1.0" encoding="UTF-8"?>
<!-- Generated by org.testng.reporters.JUnitXMLReporter -->
<testsuite hostname="DESKTOP-VG7FOF4" ignored="5" name="Test" tests="2" failures="0" timestamp="2023-03-22T19:03:21 IST" time="32.301" errors="0">
  <testcase name="verifyLoginValidUserValidPassword" time="10.473" classname="com.QaLegendBilling.Scripts.LoginTest"/>
  <testcase name="verifyAddingNewExpenses" time="6.04" classname="com.QaLegendBilling.Scripts.ExpensePageTest"/>
  <testcase name="@BeforeTest beforeTest" time="0.0" classname="com.QaLegendBilling.Base.TestBase">
    <ignored/>
  </testcase> <!-- @BeforeTest beforeTest -->
  <testcase name="verifyLoginValidUserInvalidPassword" time="0.0" classname="com.QaLegendBilling.Scripts.LoginTest">
    <ignored/>
  </testcase> <!-- verifyLoginValidUserInvalidPassword -->
  <testcase name="@AfterTest afterTest" time="0.0" classname="com.QaLegendBilling.Base.TestBase">
    <ignored/>
  </testcase> <!-- @AfterTest afterTest -->
  <testcase name="verifyLoginInvalidUserInvalidPassword" time="0.0" classname="com.QaLegendBilling.Scripts.LoginTest">
    <ignored/>
  </testcase> <!-- verifyLoginInvalidUserInvalidPassword -->
  <testcase name="verifyLoginInvalidUserValidPassword" time="0.0" classname="com.QaLegendBilling.Scripts.LoginTest">
    <ignored/>
  </testcase> <!-- verifyLoginInvalidUserValidPassword -->
</testsuite> <!-- Test -->
