<?xml version="1.0" encoding="UTF-8"?>
<!-- Generated by org.testng.reporters.JUnitXMLReporter -->
<testsuite hostname="DESKTOP-VG7FOF4" ignored="3" name="Test3" tests="3" failures="0" timestamp="2023-03-29T11:31:17 IST" time="40.291" errors="0">
  <testcase name="verifyLoginValidUserValidPassword" time="6.805" classname="com.QaLegendBilling.Scripts.LoginTest"/>
  <testcase name="verifySupplierDueAmount" time="12.368" classname="com.QaLegendBilling.Scripts.PaymentAccountsPageTest"/>
  <testcase name="verifyLinkAccountAgainstPaymentRefNumber" time="5.108" classname="com.QaLegendBilling.Scripts.PaymentAccountsPageTest"/>
  <testcase name="verifyLoginValidUserInvalidPassword" time="0.0" classname="com.QaLegendBilling.Scripts.LoginTest">
    <ignored/>
  </testcase> <!-- verifyLoginValidUserInvalidPassword -->
  <testcase name="verifyLoginInvalidUserInvalidPassword" time="0.0" classname="com.QaLegendBilling.Scripts.LoginTest">
    <ignored/>
  </testcase> <!-- verifyLoginInvalidUserInvalidPassword -->
  <testcase name="verifyLoginInvalidUserValidPassword" time="0.0" classname="com.QaLegendBilling.Scripts.LoginTest">
    <ignored/>
  </testcase> <!-- verifyLoginInvalidUserValidPassword -->
</testsuite> <!-- Test3 -->
