<?xml version="1.0" encoding="UTF-8"?>
<!-- Generated by org.testng.reporters.JUnitXMLReporter -->
<testsuite hostname="DESKTOP-VG7FOF4" ignored="3" name="TestUsingEdgeBrowser" tests="4" failures="0" timestamp="2023-03-29T18:25:54 IST" time="45.809" errors="0">
  <testcase name="@AfterMethod tearDown" time="0.015" classname="com.QaLegendBilling.Base.TestBase">
    <failure type="java.lang.NullPointerException">
      <![CDATA[java.lang.NullPointerException
at com.QaLegendBilling.Base.DriverFactory.closeBrowser(DriverFactory.java:46)
at com.QaLegendBilling.Base.TestBase.tearDown(TestBase.java:90)
at java.util.ArrayList.forEach(ArrayList.java:1257)
... Removed 32 stack frames]]>
    </failure>
  </testcase> <!-- @AfterMethod tearDown -->
  <testcase name="@BeforeMethod setUp" time="-1.680094554089E9" classname="com.QaLegendBilling.Base.TestBase">
    <skipped/>
  </testcase> <!-- @BeforeMethod setUp -->
  <testcase name="@AfterMethod tearDown" time="-1.680094554119E9" classname="com.QaLegendBilling.Base.TestBase">
    <skipped/>
  </testcase> <!-- @AfterMethod tearDown -->
  <testcase name="verifyLoginValidUserValidPassword" time="15.816" classname="com.QaLegendBilling.Scripts.LoginTest"/>
  <testcase name="verifyAddingNewExpenses" time="0.0" classname="com.QaLegendBilling.Scripts.ExpensePageTest">
    <skipped/>
  </testcase> <!-- verifyAddingNewExpenses -->
  <testcase name="verifyPaginationWhenNewExpenseIsAdded" time="0.001" classname="com.QaLegendBilling.Scripts.ExpensePageTest">
    <skipped/>
  </testcase> <!-- verifyPaginationWhenNewExpenseIsAdded -->
  <testcase name="verifyExpenseCategoryUpdation" time="0.0" classname="com.QaLegendBilling.Scripts.ExpensePageTest">
    <skipped/>
  </testcase> <!-- verifyExpenseCategoryUpdation -->
  <testcase name="verifyLoginValidUserInvalidPassword" time="0.0" classname="com.QaLegendBilling.Scripts.LoginTest">
    <ignored/>
  </testcase> <!-- verifyLoginValidUserInvalidPassword -->
  <testcase name="verifyLoginInvalidUserInvalidPassword" time="0.0" classname="com.QaLegendBilling.Scripts.LoginTest">
    <ignored/>
  </testcase> <!-- verifyLoginInvalidUserInvalidPassword -->
  <testcase name="verifyLoginInvalidUserValidPassword" time="0.0" classname="com.QaLegendBilling.Scripts.LoginTest">
    <ignored/>
  </testcase> <!-- verifyLoginInvalidUserValidPassword -->
</testsuite> <!-- TestUsingEdgeBrowser -->
