<?xml version="1.0" encoding="UTF-8"?>
<!-- Generated by org.testng.reporters.JUnitXMLReporter -->
<testsuite hostname="DESKTOP-VG7FOF4" ignored="10" name="Test2" tests="1" failures="0" timestamp="2023-03-19T07:11:28 IST" time="27.403" errors="0">
  <testcase name="verifyLoginValidUserValidPassword" time="9.659" classname="com.QaLegendBilling.Scripts.LoginTest"/>
  <testcase name="@BeforeTest beforeTest" time="0.0" classname="com.QaLegendBilling.Base.TestBase">
    <ignored/>
  </testcase> <!-- @BeforeTest beforeTest -->
  <testcase name="@BeforeTest beforeTest" time="0.0" classname="com.QaLegendBilling.Base.TestBase">
    <ignored/>
  </testcase> <!-- @BeforeTest beforeTest -->
  <testcase name="verifyLoginValidUserInvalidPassword" time="0.0" classname="com.QaLegendBilling.Scripts.LoginTest">
    <ignored/>
  </testcase> <!-- verifyLoginValidUserInvalidPassword -->
  <testcase name="addNewUser" time="0.0" classname="com.QaLegendBilling.Scripts.UsersPageTest">
    <ignored/>
  </testcase> <!-- addNewUser -->
  <testcase name="@AfterTest afterTest" time="0.0" classname="com.QaLegendBilling.Base.TestBase">
    <ignored/>
  </testcase> <!-- @AfterTest afterTest -->
  <testcase name="@AfterTest afterTest" time="0.0" classname="com.QaLegendBilling.Base.TestBase">
    <ignored/>
  </testcase> <!-- @AfterTest afterTest -->
  <testcase name="verifyLoginInvalidUserInvalidPassword" time="0.0" classname="com.QaLegendBilling.Scripts.LoginTest">
    <ignored/>
  </testcase> <!-- verifyLoginInvalidUserInvalidPassword -->
  <testcase name="deleteNewRole" time="0.0" classname="com.QaLegendBilling.Scripts.UsersPageTest">
    <ignored/>
  </testcase> <!-- deleteNewRole -->
  <testcase name="addNewRole" time="0.0" classname="com.QaLegendBilling.Scripts.UsersPageTest">
    <ignored/>
  </testcase> <!-- addNewRole -->
  <testcase name="verifyLoginInvalidUserValidPassword" time="0.0" classname="com.QaLegendBilling.Scripts.LoginTest">
    <ignored/>
  </testcase> <!-- verifyLoginInvalidUserValidPassword -->
</testsuite> <!-- Test2 -->
