<?xml version="1.0" encoding="UTF-8"?>
<!-- Generated by org.testng.reporters.JUnitXMLReporter -->
<testsuite hostname="DESKTOP-VG7FOF4" ignored="9" name="ParallelClassesTesting" tests="12" failures="0" timestamp="2023-03-29T17:43:16 IST" time="110.714" errors="0">
  <testcase name="@AfterClass tearDown" time="0.008" classname="com.QaLegendBilling.Base.TestBase">
    <failure type="java.lang.NullPointerException">
      <![CDATA[java.lang.NullPointerException
at com.QaLegendBilling.Base.DriverFactory.closeBrowser(DriverFactory.java:46)
at com.QaLegendBilling.Base.TestBase.tearDown(TestBase.java:88)
at java.util.concurrent.ThreadPoolExecutor.runWorker(ThreadPoolExecutor.java:1149)
at java.util.concurrent.ThreadPoolExecutor$Worker.run(ThreadPoolExecutor.java:624)
at java.lang.Thread.run(Thread.java:748)
... Removed 10 stack frames]]>
    </failure>
  </testcase> <!-- @AfterClass tearDown -->
  <testcase name="verifyLoginValidUserValidPassword" time="16.69" classname="com.QaLegendBilling.Scripts.LoginTest"/>
  <testcase name="verifyLoginValidUserValidPassword" time="16.84" classname="com.QaLegendBilling.Scripts.LoginTest"/>
  <testcase name="verifySupplierPurchaseAmount" time="6.323" classname="com.QaLegendBilling.Scripts.ReportsPageTest"/>
  <testcase name="verifySupplierDueAmount" time="9.829" classname="com.QaLegendBilling.Scripts.PaymentAccountsPageTest"/>
  <testcase name="verifyLinkAccountAgainstPaymentRefNumber" time="20.402" classname="com.QaLegendBilling.Scripts.PaymentAccountsPageTest"/>
  <testcase name="verifyLoginValidUserValidPassword" time="12.607" classname="com.QaLegendBilling.Scripts.LoginTest"/>
  <testcase name="verifySupplierDueAmount" time="1.197" classname="com.QaLegendBilling.Scripts.ReportsPageTest"/>
  <testcase name="verifySupplierPurchaseAmountDemo" time="1.918" classname="com.QaLegendBilling.Scripts.ReportsPageTest"/>
  <testcase name="verifySupplierDueAmountDemo" time="0.452" classname="com.QaLegendBilling.Scripts.ReportsPageTest"/>
  <testcase name="verifyAddingNewExpenses" time="8.844" classname="com.QaLegendBilling.Scripts.ExpensePageTest"/>
  <testcase name="verifyPaginationWhenNewExpenseIsAdded" time="0.427" classname="com.QaLegendBilling.Scripts.ExpensePageTest"/>
  <testcase name="verifyExpenseCategoryUpdation" time="6.29" classname="com.QaLegendBilling.Scripts.ExpensePageTest"/>
  <testcase name="verifyLoginValidUserInvalidPassword" time="0.0" classname="com.QaLegendBilling.Scripts.LoginTest">
    <ignored/>
  </testcase> <!-- verifyLoginValidUserInvalidPassword -->
  <testcase name="verifyLoginValidUserInvalidPassword" time="0.0" classname="com.QaLegendBilling.Scripts.LoginTest">
    <ignored/>
  </testcase> <!-- verifyLoginValidUserInvalidPassword -->
  <testcase name="verifyLoginValidUserInvalidPassword" time="0.0" classname="com.QaLegendBilling.Scripts.LoginTest">
    <ignored/>
  </testcase> <!-- verifyLoginValidUserInvalidPassword -->
  <testcase name="verifyLoginInvalidUserInvalidPassword" time="0.0" classname="com.QaLegendBilling.Scripts.LoginTest">
    <ignored/>
  </testcase> <!-- verifyLoginInvalidUserInvalidPassword -->
  <testcase name="verifyLoginInvalidUserInvalidPassword" time="0.0" classname="com.QaLegendBilling.Scripts.LoginTest">
    <ignored/>
  </testcase> <!-- verifyLoginInvalidUserInvalidPassword -->
  <testcase name="verifyLoginInvalidUserInvalidPassword" time="0.0" classname="com.QaLegendBilling.Scripts.LoginTest">
    <ignored/>
  </testcase> <!-- verifyLoginInvalidUserInvalidPassword -->
  <testcase name="verifyLoginInvalidUserValidPassword" time="0.0" classname="com.QaLegendBilling.Scripts.LoginTest">
    <ignored/>
  </testcase> <!-- verifyLoginInvalidUserValidPassword -->
  <testcase name="verifyLoginInvalidUserValidPassword" time="0.0" classname="com.QaLegendBilling.Scripts.LoginTest">
    <ignored/>
  </testcase> <!-- verifyLoginInvalidUserValidPassword -->
  <testcase name="verifyLoginInvalidUserValidPassword" time="0.0" classname="com.QaLegendBilling.Scripts.LoginTest">
    <ignored/>
  </testcase> <!-- verifyLoginInvalidUserValidPassword -->
</testsuite> <!-- ParallelClassesTesting -->
